# JRE version: OpenJDK Runtime Environment Temurin-21.0.11+10 (21.0.11+10) (build 21.0.11+10-LTS)
# Java VM: OpenJDK 64-Bit Server VM Temurin-21.0.11+10 (21.0.11+10-LTS, mixed mode, sharing, tiered, compressed oops, compressed class ptrs, parallel gc, windows-amd64)
GC Precious Log:
 CardTable entry size: 512
 CPUs: 8 total, 8 available
 Memory: 16183M
 Large Page Support: Disabled
 NUMA Support: Disabled
 Compressed Oops: Enabled (32-bit)
 Alignments: Space 512K, Generation 512K, Heap 2M
 Heap Min Capacity: 100M
 Heap Initial Capacity: 100M
 Heap Max Capacity: 2G
 Pre-touch: Disabled
 Parallel Workers: 8
Heap:
 PSYoungGen      total 3584K, used 2276K [0x00000000d5580000, 0x00000000d5b00000, 0x0000000100000000)
  eden space 3072K, 69% used [0x00000000d5580000,0x00000000d5799350,0x00000000d5880000)
  from space 512K, 25% used [0x00000000d5900000,0x00000000d5920000,0x00000000d5980000)
  to   space 1024K, 0% used [0x00000000d5a00000,0x00000000d5a00000,0x00000000d5b00000)
 ParOldGen       total 1220608K, used 1220456K [0x0000000080000000, 0x00000000ca800000, 0x00000000d5580000)
  object space 1220608K, 99% used [0x0000000080000000,0x00000000ca7da398,0x00000000ca800000)
 Metaspace       used 120892K, committed 123072K, reserved 1179648K
  class space    used 13678K, committed 14784K, reserved 1048576K
GC Heap History (20 events):
Event: 11358.551 GC heap before
{Heap before GC invocations=7585 (full 11):
 PSYoungGen      total 3584K, used 3127K [0x00000000d5580000, 0x00000000d5a00000, 0x0000000100000000)
  eden space 2560K, 100% used [0x00000000d5580000,0x00000000d5800000,0x00000000d5800000)
  from space 1024K, 55% used [0x00000000d5800000,0x00000000d588dfa0,0x00000000d5900000)
  to   space 1024K, 0% used [0x00000000d5900000,0x00000000d5900000,0x00000000d5a00000)
 ParOldGen       total 1213952K, used 1213950K [0x0000000080000000, 0x00000000ca180000, 0x00000000d5580000)
  object space 1213952K, 99% used [0x0000000080000000,0x00000000ca17fbf0,0x00000000ca180000)
 Metaspace       used 120892K, committed 123072K, reserved 1179648K
  class space    used 13678K, committed 14784K, reserved 1048576K
}
Event: 11358.556 GC heap after
{Heap after GC invocations=7585 (full 11):
 PSYoungGen      total 3584K, used 953K [0x00000000d5580000, 0x00000000d5a00000, 0x0000000100000000)
  eden space 2560K, 0% used [0x00000000d5580000,0x00000000d5580000,0x00000000d5800000)
  from space 1024K, 93% used [0x00000000d5900000,0x00000000d59ee410,0x00000000d5a00000)
  to   space 1024K, 0% used [0x00000000d5800000,0x00000000d5800000,0x00000000d5900000)
 ParOldGen       total 1214464K, used 1214442K [0x0000000080000000, 0x00000000ca200000, 0x00000000d5580000)
  object space 1214464K, 99% used [0x0000000080000000,0x00000000ca1fabc0,0x00000000ca200000)
 Metaspace       used 120892K, committed 123072K, reserved 1179648K
  class space    used 13678K, committed 14784K, reserved 1048576K
}
Event: 11358.572 GC heap before
{Heap before GC invocations=7586 (full 11):
 PSYoungGen      total 3584K, used 3513K [0x00000000d5580000, 0x00000000d5a00000, 0x0000000100000000)
  eden space 2560K, 99% used [0x00000000d5580000,0x00000000d57ffff8,0x00000000d5800000)
  from space 1024K, 93% used [0x00000000d5900000,0x00000000d59ee410,0x00000000d5a00000)
  to   space 1024K, 0% used [0x00000000d5800000,0x00000000d5800000,0x00000000d5900000)
 ParOldGen       total 1214464K, used 1214442K [0x0000000080000000, 0x00000000ca200000, 0x00000000d5580000)
  object space 1214464K, 99% used [0x0000000080000000,0x00000000ca1fabc0,0x00000000ca200000)
 Metaspace       used 120892K, committed 123072K, reserved 1179648K
  class space    used 13678K, committed 14784K, reserved 1048576K
}
Event: 11358.580 GC heap after
{Heap after GC invocations=7586 (full 11):
 PSYoungGen      total 3584K, used 992K [0x00000000d5580000, 0x00000000d5a80000, 0x0000000100000000)
  eden space 2560K, 0% used [0x00000000d5580000,0x00000000d5580000,0x00000000d5800000)
  from space 1024K, 96% used [0x00000000d5800000,0x00000000d58f8000,0x00000000d5900000)
  to   space 1024K, 0% used [0x00000000d5980000,0x00000000d5980000,0x00000000d5a80000)
 ParOldGen       total 1215488K, used 1215243K [0x0000000080000000, 0x00000000ca300000, 0x00000000d5580000)
  object space 1215488K, 99% used [0x0000000080000000,0x00000000ca2c2fd0,0x00000000ca300000)
 Metaspace       used 120892K, committed 123072K, reserved 1179648K
  class space    used 13678K, committed 14784K, reserved 1048576K
}
Event: 11359.818 GC heap before
{Heap before GC invocations=7587 (full 11):
 PSYoungGen      total 3584K, used 3551K [0x00000000d5580000, 0x00000000d5a80000, 0x0000000100000000)
  eden space 2560K, 99% used [0x00000000d5580000,0x00000000d57ffda8,0x00000000d5800000)
  from space 1024K, 96% used [0x00000000d5800000,0x00000000d58f8000,0x00000000d5900000)
  to   space 1024K, 0% used [0x00000000d5980000,0x00000000d5980000,0x00000000d5a80000)
 ParOldGen       total 1215488K, used 1215243K [0x0000000080000000, 0x00000000ca300000, 0x00000000d5580000)
  object space 1215488K, 99% used [0x0000000080000000,0x00000000ca2c2fd0,0x00000000ca300000)
 Metaspace       used 120892K, committed 123072K, reserved 1179648K
  class space    used 13678K, committed 14784K, reserved 1048576K
}
Event: 11359.823 GC heap after
{Heap after GC invocations=7587 (full 11):
 PSYoungGen      total 3584K, used 521K [0x00000000d5580000, 0x00000000d5a80000, 0x0000000100000000)
  eden space 2560K, 0% used [0x00000000d5580000,0x00000000d5580000,0x00000000d5800000)
  from space 1024K, 50% used [0x00000000d5980000,0x00000000d5a02400,0x00000000d5a80000)
  to   space 1024K, 0% used [0x00000000d5800000,0x00000000d5800000,0x00000000d5900000)
 ParOldGen       total 1216512K, used 1216152K [0x0000000080000000, 0x00000000ca400000, 0x00000000d5580000)
  object space 1216512K, 99% used [0x0000000080000000,0x00000000ca3a6000,0x00000000ca400000)
 Metaspace       used 120892K, committed 123072K, reserved 1179648K
  class space    used 13678K, committed 14784K, reserved 1048576K
}
Event: 11359.832 GC heap before
{Heap before GC invocations=7588 (full 11):
 PSYoungGen      total 3584K, used 3081K [0x00000000d5580000, 0x00000000d5a80000, 0x0000000100000000)
  eden space 2560K, 100% used [0x00000000d5580000,0x00000000d5800000,0x00000000d5800000)
  from space 1024K, 50% used [0x00000000d5980000,0x00000000d5a02400,0x00000000d5a80000)
  to   space 1024K, 0% used [0x00000000d5800000,0x00000000d5800000,0x00000000d5900000)
 ParOldGen       total 1216512K, used 1216152K [0x0000000080000000, 0x00000000ca400000, 0x00000000d5580000)
  object space 1216512K, 99% used [0x0000000080000000,0x00000000ca3a6000,0x00000000ca400000)
 Metaspace       used 120892K, committed 123072K, reserved 1179648K
  class space    used 13678K, committed 14784K, reserved 1048576K
}
Event: 11359.837 GC heap after
{Heap after GC invocations=7588 (full 11):
 PSYoungGen      total 3584K, used 784K [0x00000000d5580000, 0x00000000d5a80000, 0x0000000100000000)
  eden space 2560K, 0% used [0x00000000d5580000,0x00000000d5580000,0x00000000d5800000)
  from space 1024K, 76% used [0x00000000d5800000,0x00000000d58c4010,0x00000000d5900000)
  to   space 1024K, 0% used [0x00000000d5980000,0x00000000d5980000,0x00000000d5a80000)
 ParOldGen       total 1217024K, used 1216577K [0x0000000080000000, 0x00000000ca480000, 0x00000000d5580000)
  object space 1217024K, 99% used [0x0000000080000000,0x00000000ca410400,0x00000000ca480000)
 Metaspace       used 120892K, committed 123072K, reserved 1179648K
  class space    used 13678K, committed 14784K, reserved 1048576K
}
Event: 11359.854 GC heap before
{Heap before GC invocations=7589 (full 11):
 PSYoungGen      total 3584K, used 3344K [0x00000000d5580000, 0x00000000d5a80000, 0x0000000100000000)
  eden space 2560K, 100% used [0x00000000d5580000,0x00000000d5800000,0x00000000d5800000)
  from space 1024K, 76% used [0x00000000d5800000,0x00000000d58c4010,0x00000000d5900000)
  to   space 1024K, 0% used [0x00000000d5980000,0x00000000d5980000,0x00000000d5a80000)
 ParOldGen       total 1217024K, used 1216577K [0x0000000080000000, 0x00000000ca480000, 0x00000000d5580000)
  object space 1217024K, 99% used [0x0000000080000000,0x00000000ca410400,0x00000000ca480000)
 Metaspace       used 120892K, committed 123072K, reserved 1179648K
  class space    used 13678K, committed 14784K, reserved 1048576K
}
Event: 11359.861 GC heap after
{Heap after GC invocations=7589 (full 11):
 PSYoungGen      total 4096K, used 960K [0x00000000d5580000, 0x00000000d5a80000, 0x0000000100000000)
  eden space 3072K, 0% used [0x00000000d5580000,0x00000000d5580000,0x00000000d5880000)
  from space 1024K, 93% used [0x00000000d5980000,0x00000000d5a70000,0x00000000d5a80000)
  to   space 1024K, 0% used [0x00000000d5880000,0x00000000d5880000,0x00000000d5980000)
 ParOldGen       total 1217536K, used 1217239K [0x0000000080000000, 0x00000000ca500000, 0x00000000d5580000)
  object space 1217536K, 99% used [0x0000000080000000,0x00000000ca4b5ef8,0x00000000ca500000)
 Metaspace       used 120892K, committed 123072K, reserved 1179648K
  class space    used 13678K, committed 14784K, reserved 1048576K
}
Event: 11360.010 GC heap before
{Heap before GC invocations=7590 (full 11):
 PSYoungGen      total 4096K, used 4032K [0x00000000d5580000, 0x00000000d5a80000, 0x0000000100000000)
  eden space 3072K, 100% used [0x00000000d5580000,0x00000000d5880000,0x00000000d5880000)
  from space 1024K, 93% used [0x00000000d5980000,0x00000000d5a70000,0x00000000d5a80000)
  to   space 1024K, 0% used [0x00000000d5880000,0x00000000d5880000,0x00000000d5980000)
 ParOldGen       total 1217536K, used 1217239K [0x0000000080000000, 0x00000000ca500000, 0x00000000d5580000)
  object space 1217536K, 99% used [0x0000000080000000,0x00000000ca4b5ef8,0x00000000ca500000)
 Metaspace       used 120892K, committed 123072K, reserved 1179648K
  class space    used 13678K, committed 14784K, reserved 1048576K
}
Event: 11360.015 GC heap after
{Heap after GC invocations=7590 (full 11):
 PSYoungGen      total 4096K, used 576K [0x00000000d5580000, 0x00000000d5a80000, 0x0000000100000000)
  eden space 3072K, 0% used [0x00000000d5580000,0x00000000d5580000,0x00000000d5880000)
  from space 1024K, 56% used [0x00000000d5880000,0x00000000d5910000,0x00000000d5980000)
  to   space 1024K, 0% used [0x00000000d5980000,0x00000000d5980000,0x00000000d5a80000)
 ParOldGen       total 1218560K, used 1218147K [0x0000000080000000, 0x00000000ca600000, 0x00000000d5580000)
  object space 1218560K, 99% used [0x0000000080000000,0x00000000ca598f48,0x00000000ca600000)
 Metaspace       used 120892K, committed 123072K, reserved 1179648K
  class space    used 13678K, committed 14784K, reserved 1048576K
}
Event: 11360.090 GC heap before
{Heap before GC invocations=7591 (full 11):
 PSYoungGen      total 4096K, used 3648K [0x00000000d5580000, 0x00000000d5a80000, 0x0000000100000000)
  eden space 3072K, 100% used [0x00000000d5580000,0x00000000d5880000,0x00000000d5880000)
  from space 1024K, 56% used [0x00000000d5880000,0x00000000d5910000,0x00000000d5980000)
  to   space 1024K, 0% used [0x00000000d5980000,0x00000000d5980000,0x00000000d5a80000)
 ParOldGen       total 1218560K, used 1218147K [0x0000000080000000, 0x00000000ca600000, 0x00000000d5580000)
  object space 1218560K, 99% used [0x0000000080000000,0x00000000ca598f48,0x00000000ca600000)
 Metaspace       used 120892K, committed 123072K, reserved 1179648K
  class space    used 13678K, committed 14784K, reserved 1048576K
}
Event: 11360.097 GC heap after
{Heap after GC invocations=7591 (full 11):
 PSYoungGen      total 4096K, used 713K [0x00000000d5580000, 0x00000000d5a80000, 0x0000000100000000)
  eden space 3072K, 0% used [0x00000000d5580000,0x00000000d5580000,0x00000000d5880000)
  from space 1024K, 69% used [0x00000000d5980000,0x00000000d5a32400,0x00000000d5a80000)
  to   space 1024K, 0% used [0x00000000d5880000,0x00000000d5880000,0x00000000d5980000)
 ParOldGen       total 1219072K, used 1218611K [0x0000000080000000, 0x00000000ca680000, 0x00000000d5580000)
  object space 1219072K, 99% used [0x0000000080000000,0x00000000ca60cf58,0x00000000ca680000)
 Metaspace       used 120892K, committed 123072K, reserved 1179648K
  class space    used 13678K, committed 14784K, reserved 1048576K
}
Event: 11360.125 GC heap before
{Heap before GC invocations=7592 (full 11):
 PSYoungGen      total 4096K, used 3785K [0x00000000d5580000, 0x00000000d5a80000, 0x0000000100000000)
  eden space 3072K, 100% used [0x00000000d5580000,0x00000000d5880000,0x00000000d5880000)
  from space 1024K, 69% used [0x00000000d5980000,0x00000000d5a32400,0x00000000d5a80000)
  to   space 1024K, 0% used [0x00000000d5880000,0x00000000d5880000,0x00000000d5980000)
 ParOldGen       total 1219072K, used 1218611K [0x0000000080000000, 0x00000000ca680000, 0x00000000d5580000)
  object space 1219072K, 99% used [0x0000000080000000,0x00000000ca60cf58,0x00000000ca680000)
 Metaspace       used 120892K, committed 123072K, reserved 1179648K
  class space    used 13678K, committed 14784K, reserved 1048576K
}
Event: 11360.130 GC heap after
{Heap after GC invocations=7592 (full 11):
 PSYoungGen      total 4096K, used 1024K [0x00000000d5580000, 0x00000000d5c80000, 0x0000000100000000)
  eden space 3072K, 0% used [0x00000000d5580000,0x00000000d5580000,0x00000000d5880000)
  from space 1024K, 100% used [0x00000000d5880000,0x00000000d5980000,0x00000000d5980000)
  to   space 2048K, 0% used [0x00000000d5a80000,0x00000000d5a80000,0x00000000d5c80000)
 ParOldGen       total 1219584K, used 1219260K [0x0000000080000000, 0x00000000ca700000, 0x00000000d5580000)
  object space 1219584K, 99% used [0x0000000080000000,0x00000000ca6af368,0x00000000ca700000)
 Metaspace       used 120892K, committed 123072K, reserved 1179648K
  class space    used 13678K, committed 14784K, reserved 1048576K
}
Event: 11360.153 GC heap before
{Heap before GC invocations=7593 (full 11):
 PSYoungGen      total 4096K, used 4096K [0x00000000d5580000, 0x00000000d5c80000, 0x0000000100000000)
  eden space 3072K, 100% used [0x00000000d5580000,0x00000000d5880000,0x00000000d5880000)
  from space 1024K, 100% used [0x00000000d5880000,0x00000000d5980000,0x00000000d5980000)
  to   space 2048K, 0% used [0x00000000d5a80000,0x00000000d5a80000,0x00000000d5c80000)
 ParOldGen       total 1219584K, used 1219260K [0x0000000080000000, 0x00000000ca700000, 0x00000000d5580000)
  object space 1219584K, 99% used [0x0000000080000000,0x00000000ca6af368,0x00000000ca700000)
 Metaspace       used 120892K, committed 123072K, reserved 1179648K
  class space    used 13678K, committed 14784K, reserved 1048576K
}
Event: 11360.164 GC heap after
{Heap after GC invocations=7593 (full 11):
 PSYoungGen      total 4608K, used 1081K [0x00000000d5580000, 0x00000000d5c00000, 0x0000000100000000)
  eden space 3072K, 0% used [0x00000000d5580000,0x00000000d5580000,0x00000000d5880000)
  from space 1536K, 70% used [0x00000000d5a80000,0x00000000d5b8e410,0x00000000d5c00000)
  to   space 1536K, 0% used [0x00000000d5900000,0x00000000d5900000,0x00000000d5a80000)
 ParOldGen       total 1220608K, used 1220264K [0x0000000080000000, 0x00000000ca800000, 0x00000000d5580000)
  object space 1220608K, 99% used [0x0000000080000000,0x00000000ca7aa398,0x00000000ca800000)
 Metaspace       used 120892K, committed 123072K, reserved 1179648K
  class space    used 13678K, committed 14784K, reserved 1048576K
}
Event: 11360.184 GC heap before
{Heap before GC invocations=7594 (full 11):
 PSYoungGen      total 4608K, used 4153K [0x00000000d5580000, 0x00000000d5c00000, 0x0000000100000000)
  eden space 3072K, 100% used [0x00000000d5580000,0x00000000d5880000,0x00000000d5880000)
  from space 1536K, 70% used [0x00000000d5a80000,0x00000000d5b8e410,0x00000000d5c00000)
  to   space 1536K, 0% used [0x00000000d5900000,0x00000000d5900000,0x00000000d5a80000)
 ParOldGen       total 1220608K, used 1220264K [0x0000000080000000, 0x00000000ca800000, 0x00000000d5580000)
  object space 1220608K, 99% used [0x0000000080000000,0x00000000ca7aa398,0x00000000ca800000)
 Metaspace       used 120892K, committed 123072K, reserved 1179648K
  class space    used 13678K, committed 14784K, reserved 1048576K
}
Event: 11360.188 GC heap after
{Heap after GC invocations=7594 (full 11):
 PSYoungGen      total 3584K, used 128K [0x00000000d5580000, 0x00000000d5b00000, 0x0000000100000000)
  eden space 3072K, 0% used [0x00000000d5580000,0x00000000d5580000,0x00000000d5880000)
  from space 512K, 25% used [0x00000000d5900000,0x00000000d5920000,0x00000000d5980000)
  to   space 1024K, 0% used [0x00000000d5a00000,0x00000000d5a00000,0x00000000d5b00000)
 ParOldGen       total 1220608K, used 1220456K [0x0000000080000000, 0x00000000ca800000, 0x00000000d5580000)
  object space 1220608K, 99% used [0x0000000080000000,0x00000000ca7da398,0x00000000ca800000)
 Metaspace       used 120892K, committed 123072K, reserved 1179648K
  class space    used 13678K, committed 14784K, reserved 1048576K
}

